(chicagojustice) cjp@ip-10-0-0-162:~/sites/chicago-justice/cjp$ ~/env/chicagojustice/bin/python scripts/runScrapers.py
INFO: START Chicago Reporter Feed Scraper
ERROR: Error downloading Feed URL Page: HTTP Error 403: Forbidden
ERROR: Error downloading Feed URL Page: HTTP Error 403: Forbidden
INFO: END Chicago Reporter Feed Scraper
INFO: START Windy City Times Feed Scraper
/home/cjp/env/chicagojustice/local/lib/python2.7/site-packages/bs4/__init__.py:166: UserWarning: No parser was explicitly specified, so I'm using the best available HTML parser for this system ("html.parser"). This usually isn't a problem, but if you run this code on another system, or in a different virtual environment, it may use a different parser and behave differently.

To get rid of this warning, change this:

 BeautifulSoup([your markup])

to this:

 BeautifulSoup([your markup], "html.parser")

  markup_type=markup_type))
INFO: Querying http://www.windycitymediagroup.com/lgbt/Man-held-on-1-million-bond-after-stabbing/54195.html
INFO: Querying http://www.windycitymediagroup.com/lgbt/Black-HIV-AIDS-event-addresses-progress-challenges/54196.html
INFO: Querying http://www.windycitymediagroup.com/lgbt/Police-kill-trans-man-in-Arizona/54190.html
INFO: Querying http://www.windycitymediagroup.com/lgbt/Curious-Wine-named-2016-Lee-Lynch-Classic-Award-recipient/54191.html
INFO: Querying http://www.windycitymediagroup.com/lgbt/Girl-Scout-turns-anti-trans-incident-into-cookie-sale-success/54193.html
INFO: Querying http://www.windycitymediagroup.com/lgbt/Pelosi-among-celebrants-of-Equality-Illinois-anniversary/54194.html
INFO: Querying http://www.windycitymediagroup.com/lgbt/Priest-publicly-comes-out-in-newspaper-article/54192.html
INFO: Querying http://www.windycitymediagroup.com/lgbt/Tax-guide-launched-to-help-LGBTQ-taxpayers/54187.html
INFO: Querying http://www.windycitymediagroup.com/lgbt/LGBTQ-bowlers-prepare-for-Second-City-tourney/54188.html
INFO: Querying http://www.windycitymediagroup.com/lgbt/LETTERS-Using-the-charge-of-anti-Semitism/54189.html
INFO: Querying http://www.windycitymediagroup.com/lgbt/White-House-Obama-administration-creating-opportunities-for-all-Americans/54180.html
INFO: Querying http://www.windycitymediagroup.com/lgbt/Outserve-SLDN-names-Matt-Thorn-Executive-Director-/54183.html
INFO: Querying http://www.windycitymediagroup.com/lgbt/TPP-signing-undercuts-US-commitment-to-LGBTQ-equality-HIV-AIDS-fight/54179.html
INFO: Querying http://www.windycitymediagroup.com/lgbt/Lesbian-filmmakers-earn-Oscar-nomination-film-at-Music-Box-Feb-5-11/54181.html
INFO: Querying http://www.windycitymediagroup.com/lgbt/Black-Ensemble-Theater-offers-Sensational-Soulful-60s/54182.html
INFO: Querying http://www.windycitymediagroup.com/lgbt/Trans-woman-who-served-years-in-jail-without-trial-launches-fundraiser/54163.html
INFO: Querying http://www.windycitymediagroup.com/lgbt/Panel-on-homelessness-and-survival-sex-Feb-10/54172.html
INFO: Querying http://www.windycitymediagroup.com/lgbt/Knight-at-the-Movies-/54150.html
INFO: Querying http://www.windycitymediagroup.com/lgbt/VIEWS-MARK-MY-WORDS-Insensitive-anti-Semitic-protests-/54156.html
INFO: Querying http://www.windycitymediagroup.com/lgbt/Report-Trans-youth-more-likely-to-have-Aspergers/54164.html
INFO: Querying http://www.windycitymediagroup.com/lgbt/First-trans-murder-of-2016-in-Texas/54165.html
INFO: Querying http://www.windycitymediagroup.com/lgbt/EI-releases-LGBT-adoption-guide/54167.html
INFO: Querying http://www.windycitymediagroup.com/lgbt/HRC-releases-state-equality-index/54168.html
INFO: Querying http://www.windycitymediagroup.com/lgbt/PrEP4Love-campaign-launched/54169.html
INFO: Querying http://www.windycitymediagroup.com/lgbt/AFC-criticizes-Rauner-speech/54170.html
INFO: Querying http://www.windycitymediagroup.com/lgbt/Natl-Black-HIV-AIDS-Awareness-Day-marked-with-Red-Ribbon-Cash-Scratch-Off-Ticket-/54173.html
INFO: Querying http://www.windycitymediagroup.com/lgbt/THEATER-REVIEW-The-Last-Defender/54152.html
INFO: Querying http://www.windycitymediagroup.com/lgbt/THEATER-REVIEW-Mothers-and-Sons/54153.html
INFO: Querying http://www.windycitymediagroup.com/lgbt/THEATER-REVIEW-Another-Word-for-Beauty/54154.html
INFO: Querying http://www.windycitymediagroup.com/lgbt/SCOTTISH-PLAY-SCOTT-Gun-angst-in-Andersonville/54155.html
INFO: Querying http://www.windycitymediagroup.com/lgbt/SAVOR-Villains/54147.html
INFO: Querying http://www.windycitymediagroup.com/lgbt/Billy-Masters/54148.html
INFO: Querying http://www.windycitymediagroup.com/lgbt/SAG-Awards-the-model-of-diversity/54149.html
INFO: Querying http://www.windycitymediagroup.com/lgbt/Upcoming-Beauty-in-Exile-Feb-9-Joffreys-Bold-Moves/54151.html
INFO: Querying http://www.windycitymediagroup.com/lgbt/In-the-Life-Charles-Samson/54157.html
INFO: Querying http://www.windycitymediagroup.com/lgbt/Windy-City-Media-Group-welcomes-Scott-Duff-Freddie-Bain/54158.html
INFO: Querying http://www.windycitymediagroup.com/lgbt/Windy-City-Times-welcomes-two-to-sales-team/54159.html
INFO: Querying http://www.windycitymediagroup.com/lgbt/Local-mental-health-group-provides-safe-space-shared-experience/54160.html
INFO: Querying http://www.windycitymediagroup.com/lgbt/LGBTQ-API-group-celebrates-10-years/54161.html
INFO: Querying http://www.windycitymediagroup.com/lgbt/Rush-Center-first-to-provide-trans-health-care-benefits-/54162.html
INFO: Inserted/updated 40 Windy City Times articles
INFO: END Windy City Times Feed Scraper
INFO: START WLS Feed Scraper
ERROR: Error downloading main HTML Page: HTTP Error 403: Forbidden
INFO: START DNAInfo Chicago Feed Scraper
ERROR: Expected channel link missing
INFO: START Chicago Reader Feed Scraper
ERROR: Expected channel title missing
INFO: START Crains Feed Scraper
INFO: Querying http://www.chicagobusiness.com/article/20160208/NEWS13/160209832/apollo-education-to-be-taken-private-in-1-1-billion-deal?utm_source=NEWS13&utm_medium=rss&utm_campaign=chicagobusiness
ERROR: Unexpected HTML, FeedException: Number of primary-content ids in HTML is not 1. Count = 0
INFO: Querying http://www.chicagobusiness.com/article/20160208/NEWS01/160209833/china-can-have-the-chicago-stock-exchange?utm_source=NEWS01&utm_medium=rss&utm_campaign=chicagobusiness
ERROR: Unexpected HTML, FeedException: Number of primary-content ids in HTML is not 1. Count = 0
INFO: Querying http://www.chicagobusiness.com/article/20160208/NEWS01/160209834/stock-rout-worsens-as-nasdaq-lurches-toward-bear-market?utm_source=NEWS01&utm_medium=rss&utm_campaign=chicagobusiness
ERROR: Unexpected HTML, FeedException: Number of primary-content ids in HTML is not 1. Count = 0
INFO: Querying http://www.chicagobusiness.com/article/20160208/NEWS01/160209835/sparton-corp-ceo-departs-after-activist-shareholder-complaints?utm_source=NEWS01&utm_medium=rss&utm_campaign=chicagobusiness
ERROR: Unexpected HTML, FeedException: Number of primary-content ids in HTML is not 1. Count = 0
INFO: Querying http://www.chicagobusiness.com/article/20160208/NEWS04/160209837/loyola-law-school-dean-leaving-to-head-n-y-college?utm_source=NEWS04&utm_medium=rss&utm_campaign=chicagobusiness
ERROR: Unexpected HTML, FeedException: Number of primary-content ids in HTML is not 1. Count = 0
INFO: Querying http://www.chicagobusiness.com/article/20160208/NEWS02/160209840/duckworth-zopp-harris-face-off-for-first-time?utm_source=NEWS02&utm_medium=rss&utm_campaign=chicagobusiness
ERROR: Unexpected HTML, FeedException: Number of primary-content ids in HTML is not 1. Count = 0
INFO: Querying http://www.chicagobusiness.com/article/20160208/NEWS02/160209846/changing-illinois-school-funding-formula-faces-long-odds?utm_source=NEWS02&utm_medium=rss&utm_campaign=chicagobusiness
ERROR: Unexpected HTML, FeedException: Number of primary-content ids in HTML is not 1. Count = 0
INFO: Querying http://www.chicagobusiness.com/article/20160208/NEWS01/160209852/northern-trust-freezing-salaries-for-most-of-2016?utm_source=NEWS01&utm_medium=rss&utm_campaign=chicagobusiness
ERROR: Unexpected HTML, FeedException: Number of primary-content ids in HTML is not 1. Count = 0
INFO: Querying http://www.chicagobusiness.com/article/20160208/NEWS04/160209891/baker-tilly-adds-mesirow-consultants?utm_source=NEWS04&utm_medium=rss&utm_campaign=chicagobusiness
ERROR: Unexpected HTML, FeedException: Number of primary-content ids in HTML is not 1. Count = 0
INFO: Inserted/updated 0 Crains articles
INFO: END Crains Feed Scraper
INFO: START Chicago Journal Feed Scraper
INFO: Querying http://www.chicagojournal.com/News/Crime/12-12-2012/Jabbed_with_needle_on_'L'
ERROR: Bad response from server, URLError: HTTP Error 403: Forbidden
INFO: Querying http://www.chicagojournal.com/News/Crime/12-05-2012/Loop_bank_robber_caught
ERROR: Bad response from server, URLError: HTTP Error 403: Forbidden
INFO: Querying http://www.chicagojournal.com/News/Crime/12-05-2012/Bank_robber_caught_on_camera
ERROR: Bad response from server, URLError: HTTP Error 403: Forbidden
INFO: Querying http://www.chicagojournal.com/News/Crime/11-28-2012/Ticket_scalpers_nabbed
ERROR: Bad response from server, URLError: HTTP Error 403: Forbidden
INFO: Querying http://www.chicagojournal.com/News/Crime/11-21-2012/Beaten_and_robbed_on_Red_Line
ERROR: Bad response from server, URLError: HTTP Error 403: Forbidden
INFO: Querying http://www.chicagojournal.com/News/Crime/11-14-2012/New_friend_pulls_fast_one
ERROR: Bad response from server, URLError: HTTP Error 403: Forbidden
INFO: Querying http://www.chicagojournal.com/News/Crime/11-07-2012/Demonstrators_arrested_at_City_Hall
ERROR: Bad response from server, URLError: HTTP Error 403: Forbidden
INFO: Querying http://www.chicagojournal.com/News/Crime/10-31-2012/Cell_phone_thief_shoots_at_victim
ERROR: Bad response from server, URLError: HTTP Error 403: Forbidden
INFO: Querying http://www.chicagojournal.com/News/Crime/10-24-2012/Police_search_building_for_gunman
ERROR: Bad response from server, URLError: HTTP Error 403: Forbidden
INFO: Querying http://www.chicagojournal.com/News/Crime/10-17-2012/Loop_bank_robbed_at_gunpoint
ERROR: Bad response from server, URLError: HTTP Error 403: Forbidden
INFO: Inserted/updated 0 Chicago Journal articles
INFO: END Chicago Journal Feed Scraper
INFO: START Chicago Magazine Feed Scraper
ERROR: Channel title missing. URL = http://feeds.feedburner.com/ChicagoMagazineArticles?format=xml
ERROR: Channel title missing. URL = http://www.chicagomag.com/feeds/The+312
INFO: END Chicago Magazine Feed Scraper
INFO: START Chicago Defender Feed Scraper
ERROR: Expected channel title missing
INFO: START Chicago Now Feed Scraper
INFO: Querying http://www.chicagonow.com/pint-chicago/2016/02/walgreens-sells-exceptionally-old-craft-beer/
ERROR: Feed crashed: <module 'chicagoNowScraper' from '/home/cjp/sites/chicago-justice/cjp/scripts/chicagoNowScraper.py'>
ERROR: Reason 'ascii' codec can't encode character u'\u2019' in position 1886: ordinal not in range(128)
INFO: START WTTW Feed Scraper
ERROR: Expected channel link missing
INFO: START CBS Local Feed Scraper
ERROR: Expected channel title missing
INFO: START Chicago News Coop Feed Scraper
ERROR: Expected channel title missing
INFO: START WBEZ Feed Scraper
INFO: Inserted/updated 10 WBEZ articles
INFO: END WBEZ Feed Scraper
INFO: START NBC Local Feed Scraper
ERROR: Expected channel title missing
INFO: START ABC Local Feed Scraper
ERROR: Expected channel title missing
INFO: START WGN TV Feed Scraper
ERROR: Expected channel title missing
INFO: END WGN TV Feed Scraper
INFO: START Fox Chicago Feed Scraper
ERROR: Expected channel title missing
INFO: START Beachwood Reporter Feed Scraper
INFO: Inserted/updated 15 Beachwood Reporter articles
INFO: END Beachwood Reporter Feed Scraper
INFO: START Tribune Feed Scraper
ERROR: Channel title missing. URL = http://rss.chicagotribune.com/rss/topic/crime-law-justice/crimes/02001000.topic
ERROR: Channel title missing. URL = http://rss.chicagotribune.com/rss/topic/crime-law-justice/crimes/kidnapping/amber-alert-ORGOV000034.topic
ERROR: Channel title missing. URL = http://rss.chicagotribune.com/rss/topic/crime-law-justice/police/chicago-police-department-ORGOV000080.topic
ERROR: Channel title missing. URL = http://rss.chicagotribune.com/rss/topic/crime-law-justice/laws/civil-laws/02006002.topic
ERROR: Channel title missing. URL = http://rss.chicagotribune.com/rss/topic/crime-law-justice/justice-rights/civil-rights/02007001.topic
ERROR: Channel title missing. URL = http://rss.chicagotribune.com/rss/topic/crime-law-justice/trials/court-preliminary/02008003.topic
ERROR: Channel title missing. URL = http://rss.chicagotribune.com/rss/topic/crime-law-justice/crimes/crime-victims/01010001708.topic
ERROR: Channel title missing. URL = http://rss.chicagotribune.com/rss/topic/crime-law-justice/laws/criminal-laws/02006001.topic
ERROR: Channel title missing. URL = http://rss.chicagotribune.com/rss/topic/crime-law-justice/crimes/criminals/01010001709.topic
ERROR: Channel title missing. URL = http://rss.chicagotribune.com/rss/topic/health/human-body/dna-HHA000078.topic
ERROR: Channel title missing. URL = http://rss.chicagotribune.com/rss/topic/crime-law-justice/crimes/drug-trafficking/02001004.topic
ERROR: Channel title missing. URL = http://rss.chicagotribune.com/rss/topic/lifestyle-leisure/recreational-substance-use/drug-use/15019009772.topic
ERROR: Channel title missing. URL = http://rss.chicagotribune.com/rss/topic/crime-law-justice/crimes/fbi-ORGOV000008.topic
ERROR: Channel title missing. URL = http://rss.chicagotribune.com/rss/topic/crime-law-justice/justice-system/illinois-supreme-court-ORGOV000036.topic
ERROR: Channel title missing. URL = http://rss.chicagotribune.com/rss/topic/crime-law-justice/justice-rights/02007000.topic
ERROR: Channel title missing. URL = http://rss.chicagotribune.com/rss/topic/crime-law-justice/justice-system/02002000.topic
ERROR: Channel title missing. URL = http://rss.chicagotribune.com/rss/topic/crime-law-justice/police/law-enforcement/02003001.topic
ERROR: Channel title missing. URL = http://rss.chicagotribune.com/rss/topic/crime-law-justice/police/police-arrests/02003003.topic
ERROR: Channel title missing. URL = http://rss.chicagotribune.com/rss/topic/crime-law-justice/police/police-investigations/02003002.topic
ERROR: Channel title missing. URL = http://rss.chicagotribune.com/rss/topic/crime-law-justice/prosecution/02009000.topic
ERROR: Channel title missing. URL = http://rss.chicagotribune.com/rss/topic/social-issues/prostitution/14013000.topic
ERROR: Channel title missing. URL = http://rss.chicagotribune.com/rss/topic/crime-law-justice/sex-crimes/0200100076.topic
ERROR: Channel title missing. URL = http://rss.chicagotribune.com/rss/topic/crime-law-justice/sex-crimes/sexual-assault/02001005.topic
INFO: END Tribune Feed Scraper
INFO: START Sun-Times Feed Scraper
ERROR: Expected channel title missing
